TN:
SF:electron\utils\RandomSelector.ts
FN:13,(anonymous_0)
FN:23,(anonymous_1)
FN:33,(anonymous_2)
FN:46,(anonymous_3)
FN:61,(anonymous_4)
FN:65,(anonymous_5)
FN:73,(anonymous_6)
FN:80,(anonymous_7)
FN:87,(anonymous_8)
FN:106,(anonymous_9)
FN:124,(anonymous_10)
FN:128,(anonymous_11)
FN:135,(anonymous_12)
FN:155,(anonymous_13)
FNF:14
FNH:14
FNDA:1,(anonymous_0)
FNDA:1,(anonymous_1)
FNDA:1,(anonymous_2)
FNDA:1,(anonymous_3)
FNDA:48,(anonymous_4)
FNDA:8,(anonymous_5)
FNDA:34,(anonymous_6)
FNDA:7,(anonymous_7)
FNDA:7,(anonymous_8)
FNDA:1,(anonymous_9)
FNDA:53,(anonymous_10)
FNDA:2,(anonymous_11)
FNDA:40,(anonymous_12)
FNDA:40,(anonymous_13)
DA:1,1
DA:14,19
DA:15,15
DA:16,15
DA:17,15
DA:24,18
DA:25,18
DA:26,18
DA:34,43
DA:35,39
DA:36,34
DA:52,17
DA:55,16
DA:56,16
DA:58,16
DA:59,16
DA:61,48
DA:64,16
DA:65,8
DA:66,3
DA:68,0
DA:73,34
DA:74,16
DA:75,13
DA:76,13
DA:80,3
DA:81,7
DA:82,7
DA:83,7
DA:84,7
DA:87,7
DA:88,3
DA:90,3
DA:91,5
DA:92,5
DA:95,0
DA:113,19
DA:116,18
DA:117,18
DA:119,18
DA:120,3
DA:121,4
DA:124,53
DA:127,18
DA:128,2
DA:129,1
DA:130,0
DA:135,18
DA:137,40
DA:140,40
DA:141,40
DA:142,40
DA:143,8
DA:144,8
DA:147,32
DA:151,40
DA:155,40
DA:156,18
DA:158,18
DA:160,18
DA:161,18
DA:162,18
DA:165,0
LF:63
LH:59
BRDA:14,0,0,4
BRDA:14,0,1,15
BRDA:34,1,0,4
BRDA:34,1,1,39
BRDA:35,2,0,5
BRDA:35,2,1,34
BRDA:52,3,0,1
BRDA:52,3,1,16
BRDA:56,4,0,11
BRDA:56,4,1,5
BRDA:64,5,0,3
BRDA:64,5,1,13
BRDA:66,6,0,0
BRDA:66,6,1,3
BRDA:74,7,0,13
BRDA:74,7,1,3
BRDA:82,8,0,0
BRDA:82,8,1,7
BRDA:84,9,0,7
BRDA:84,9,1,0
BRDA:92,10,0,3
BRDA:92,10,1,2
BRDA:113,11,0,1
BRDA:113,11,1,18
BRDA:117,12,0,11
BRDA:117,12,1,7
BRDA:119,13,0,3
BRDA:119,13,1,15
BRDA:127,14,0,1
BRDA:127,14,1,17
BRDA:129,15,0,0
BRDA:129,15,1,1
BRDA:137,16,0,40
BRDA:137,16,1,33
BRDA:142,17,0,8
BRDA:142,17,1,32
BRDA:144,18,0,8
BRDA:144,18,1,0
BRDA:156,19,0,0
BRDA:156,19,1,18
BRDA:162,20,0,18
BRDA:162,20,1,0
BRF:42
BRH:35
end_of_record
TN:
SF:src\components\rooms\CombinationBuilder.module.css
FNF:0
FNH:0
LF:0
LH:0
BRF:0
BRH:0
end_of_record
TN:
SF:src\components\rooms\CombinationBuilder.tsx
FN:26,generateRandomPicks
FN:53,CombinationBuilder
FN:68,(anonymous_2)
FN:77,(anonymous_3)
FN:84,(anonymous_4)
FN:93,(anonymous_5)
FN:104,(anonymous_6)
FN:112,(anonymous_7)
FN:117,(anonymous_8)
FN:123,(anonymous_9)
FN:125,(anonymous_10)
FN:144,(anonymous_11)
FN:161,(anonymous_12)
FN:171,(anonymous_13)
FN:189,(anonymous_14)
FN:198,(anonymous_15)
FNF:16
FNH:12
FNDA:4,generateRandomPicks
FNDA:18,CombinationBuilder
FNDA:12,(anonymous_2)
FNDA:17,(anonymous_3)
FNDA:4,(anonymous_4)
FNDA:0,(anonymous_5)
FNDA:4,(anonymous_6)
FNDA:0,(anonymous_7)
FNDA:1,(anonymous_8)
FNDA:1,(anonymous_9)
FNDA:2,(anonymous_10)
FNDA:7,(anonymous_11)
FNDA:15,(anonymous_12)
FNDA:4,(anonymous_13)
FNDA:0,(anonymous_14)
FNDA:0,(anonymous_15)
DA:31,4
DA:33,4
DA:34,8
DA:35,8
DA:37,8
DA:43,0
DA:50,4
DA:59,18
DA:60,18
DA:63,18
DA:68,18
DA:69,12
DA:70,1
DA:71,1
DA:72,1
DA:77,18
DA:78,17
DA:79,4
DA:80,17
DA:82,17
DA:83,4
DA:84,4
DA:86,4
DA:87,0
DA:88,0
DA:89,0
DA:91,0
DA:92,0
DA:93,0
DA:95,0
DA:96,0
DA:97,0
DA:98,0
DA:103,18
DA:105,4
DA:106,4
DA:107,4
DA:112,18
DA:113,0
DA:114,0
DA:117,18
DA:118,1
DA:119,1
DA:120,1
DA:123,18
DA:124,1
DA:125,2
DA:131,1
DA:132,1
DA:135,18
DA:137,18
DA:138,18
DA:140,18
DA:142,16
DA:144,7
DA:162,15
DA:171,4
DA:190,0
DA:198,0
LF:59
LH:44
BRDA:35,0,0,8
BRDA:35,0,1,0
BRDA:39,1,0,8
BRDA:39,1,1,0
BRDA:69,2,0,1
BRDA:69,2,1,11
BRDA:78,3,0,13
BRDA:78,3,1,4
BRDA:79,4,0,4
BRDA:79,4,1,0
BRDA:80,5,0,17
BRDA:80,5,1,0
BRDA:82,6,0,4
BRDA:82,6,1,0
BRDA:86,7,0,0
BRDA:86,7,1,4
BRDA:91,8,0,0
BRDA:91,8,1,0
BRDA:95,9,0,0
BRDA:95,9,1,0
BRDA:113,10,0,0
BRDA:113,10,1,0
BRDA:113,11,0,0
BRDA:113,11,1,0
BRDA:137,12,0,18
BRDA:137,12,1,0
BRDA:138,13,0,18
BRDA:138,13,1,0
BRDA:140,14,0,2
BRDA:140,14,1,16
BRDA:157,15,0,16
BRDA:157,15,1,15
BRDA:165,16,0,4
BRDA:165,16,1,11
BRDA:165,17,0,15
BRDA:165,17,1,4
BRDA:185,18,0,18
BRDA:185,18,1,0
BRDA:193,19,0,0
BRDA:193,19,1,0
BRDA:193,20,0,0
BRDA:193,20,1,0
BRDA:214,21,0,18
BRDA:214,21,1,1
BRDA:214,21,2,1
BRDA:222,22,0,18
BRDA:222,22,1,4
BRDA:235,23,0,18
BRDA:235,23,1,4
BRF:49
BRH:28
end_of_record
TN:
SF:src\components\rooms\CombinationPreview.module.css
FNF:0
FNH:0
LF:0
LH:0
BRF:0
BRH:0
end_of_record
TN:
SF:src\components\rooms\CombinationPreview.tsx
FN:9,CombinationPreview
FN:18,(anonymous_1)
FN:42,(anonymous_2)
FNF:3
FNH:2
FNDA:4,CombinationPreview
FNDA:8,(anonymous_1)
FNDA:0,(anonymous_2)
DA:13,4
DA:14,4
DA:16,4
DA:19,8
DA:20,8
DA:22,8
DA:27,8
DA:31,8
DA:43,0
LF:9
LH:8
BRDA:14,0,0,4
BRDA:14,0,1,0
BRDA:22,1,0,8
BRDA:22,1,1,0
BRDA:27,2,0,8
BRDA:27,2,1,0
BRDA:27,3,0,8
BRDA:27,3,1,8
BRDA:27,3,2,0
BRDA:34,4,0,0
BRDA:34,4,1,8
BRDA:36,5,0,8
BRDA:36,5,1,0
BRF:13
BRH:7
end_of_record
TN:
SF:src\components\rooms\MemberPickSelector.module.css
FNF:0
FNH:0
LF:0
LH:0
BRF:0
BRH:0
end_of_record
TN:
SF:src\components\rooms\MemberPickSelector.tsx
FN:15,MemberPickSelector
FN:21,(anonymous_1)
FN:23,(anonymous_2)
FN:28,(anonymous_3)
FN:44,(anonymous_4)
FN:66,(anonymous_5)
FNF:6
FNH:4
FNDA:4,MemberPickSelector
FNDA:8,(anonymous_1)
FNDA:8,(anonymous_2)
FNDA:8,(anonymous_3)
FNDA:0,(anonymous_4)
FNDA:0,(anonymous_5)
DA:21,8
DA:22,4
DA:23,8
DA:26,4
DA:29,8
DA:30,8
DA:32,8
DA:36,8
DA:45,0
DA:67,0
LF:10
LH:8
BRDA:32,0,0,8
BRDA:32,0,1,0
BRDA:32,1,0,8
BRDA:32,1,1,8
BRDA:39,2,0,8
BRDA:39,2,1,8
BRDA:53,3,0,8
BRDA:53,3,1,0
BRDA:55,4,0,8
BRDA:55,4,1,8
BRDA:63,5,0,4
BRDA:63,5,1,0
BRF:12
BRH:9
end_of_record
TN:
SF:src\components\rooms\SkinLineSynergyCard.module.css
FNF:0
FNH:0
LF:0
LH:0
BRF:0
BRH:0
end_of_record
TN:
SF:src\components\rooms\SkinLineSynergyCard.tsx
FN:13,SkinLineSynergyCard
FN:24,(anonymous_1)
FN:24,(anonymous_2)
FN:28,(anonymous_3)
FN:32,(anonymous_4)
FN:39,(anonymous_5)
FN:40,(anonymous_6)
FNF:7
FNH:4
FNDA:11,SkinLineSynergyCard
FNDA:22,(anonymous_1)
FNDA:33,(anonymous_2)
FNDA:3,(anonymous_3)
FNDA:0,(anonymous_4)
FNDA:0,(anonymous_5)
FNDA:0,(anonymous_6)
DA:20,11
DA:21,11
DA:23,11
DA:24,33
DA:28,11
DA:29,3
DA:30,2
DA:31,2
DA:32,2
DA:35,11
DA:39,0
DA:40,0
LF:12
LH:10
BRDA:29,0,0,1
BRDA:29,0,1,2
BRDA:37,1,0,0
BRDA:37,1,1,11
BRDA:37,2,0,7
BRDA:37,2,1,4
BRDA:37,3,0,2
BRDA:37,3,1,9
BRDA:52,4,0,1
BRDA:52,4,1,10
BRDA:56,5,0,11
BRDA:56,5,1,7
BRDA:60,6,0,11
BRDA:60,6,1,0
BRF:14
BRH:12
end_of_record
TN:
SF:src\components\rooms\SyncModeSelector.module.css
FNF:0
FNH:0
LF:0
LH:0
BRF:0
BRH:0
end_of_record
TN:
SF:src\components\rooms\SyncModeSelector.tsx
FN:16,SyncModeSelector
FN:20,(anonymous_1)
FN:24,(anonymous_2)
FNF:3
FNH:3
FNDA:5,SyncModeSelector
FNDA:15,(anonymous_1)
FNDA:1,(anonymous_2)
DA:4,1
DA:17,5
DA:21,15
DA:24,1
LF:4
LH:4
BRDA:23,0,0,5
BRDA:23,0,1,10
BRDA:24,1,0,1
BRDA:24,1,1,1
BRF:4
BRH:4
end_of_record
TN:
SF:src\components\rooms\SynergiesPanel.module.css
FNF:0
FNH:0
LF:0
LH:0
BRF:0
BRH:0
end_of_record
TN:
SF:src\components\rooms\SynergiesPanel.tsx
FN:11,SynergiesPanel
FN:28,(anonymous_1)
FN:33,(anonymous_2)
FNF:3
FNH:3
FNDA:4,SynergiesPanel
FNDA:3,(anonymous_1)
FNDA:1,(anonymous_2)
DA:16,4
DA:17,4
DA:19,4
DA:21,3
DA:29,3
DA:33,1
LF:6
LH:6
BRDA:16,0,0,4
BRDA:16,0,1,0
BRDA:19,1,0,1
BRDA:19,1,1,3
BRF:4
BRH:3
end_of_record
TN:
SF:src\components\social\InvitationModal.module.css
FNF:0
FNH:0
LF:0
LH:0
BRF:0
BRH:0
end_of_record
TN:
SF:src\components\social\InvitationModal.tsx
FN:19,InvitationModal
FN:28,(anonymous_1)
FN:34,(anonymous_2)
FN:40,(anonymous_3)
FN:41,(anonymous_4)
FN:48,(anonymous_5)
FNF:6
FNH:6
FNDA:10,InvitationModal
FNDA:3,(anonymous_1)
FNDA:1,(anonymous_2)
FNDA:6,(anonymous_3)
FNDA:1,(anonymous_4)
FNDA:6,(anonymous_5)
DA:25,10
DA:26,10
DA:28,10
DA:29,3
DA:31,3
DA:34,10
DA:35,1
DA:36,1
DA:40,10
DA:41,6
DA:42,1
DA:43,1
DA:47,6
DA:48,6
DA:52,10
DA:54,10
LF:16
LH:16
BRDA:42,0,0,1
BRDA:42,0,1,0
BRDA:52,1,0,1
BRDA:52,1,1,9
BRDA:57,2,0,3
BRDA:57,2,1,7
BRDA:93,3,0,1
BRDA:93,3,1,9
BRDA:98,4,0,10
BRDA:98,4,1,1
BRF:10
BRH:9
end_of_record
TN:
SF:src\components\ui\ConfettiOverlay.tsx
FN:23,ConfettiOverlay
FN:27,(anonymous_1)
FN:29,(anonymous_2)
FN:43,(anonymous_3)
FN:44,(anonymous_4)
FN:44,(anonymous_5)
FN:56,(anonymous_6)
FN:57,(anonymous_7)
FN:59,(anonymous_8)
FN:79,(anonymous_9)
FNF:10
FNH:10
FNDA:14,ConfettiOverlay
FNDA:6,(anonymous_1)
FNDA:300,(anonymous_2)
FNDA:187,(anonymous_3)
FNDA:187,(anonymous_4)
FNDA:9350,(anonymous_5)
FNDA:2,(anonymous_6)
FNDA:2,(anonymous_7)
FNDA:6,(anonymous_8)
FNDA:400,(anonymous_9)
DA:15,1
DA:16,1
DA:24,14
DA:25,14
DA:27,14
DA:29,300
DA:39,6
DA:43,6
DA:44,9350
DA:51,187
DA:53,6
DA:56,6
DA:57,6
DA:59,6
DA:60,6
DA:61,6
DA:62,6
DA:66,14
DA:80,400
LF:19
LH:19
BRDA:23,0,0,14
BRDA:74,1,0,12
BRDA:74,1,1,2
BRDA:89,2,0,199
BRDA:89,2,1,201
BRF:5
BRH:5
end_of_record
TN:
SF:src\components\ui\ConnectionStatus.module.css
FNF:0
FNH:0
LF:0
LH:0
BRF:0
BRH:0
end_of_record
TN:
SF:src\components\ui\ConnectionStatus.tsx
FN:20,ConnectionStatus
FNF:1
FNH:1
FNDA:6,ConnectionStatus
DA:13,1
DA:21,6
DA:22,6
DA:24,6
LF:4
LH:4
BRDA:22,0,0,1
BRDA:22,0,1,5
BRDA:32,1,0,2
BRDA:32,1,1,4
BRF:4
BRH:4
end_of_record
TN:
SF:src\components\ui\LoadingButton.tsx
FN:16,LoadingButton
FNF:1
FNH:1
FNDA:5,LoadingButton
DA:26,5
LF:1
LH:1
BRDA:17,0,0,5
BRDA:18,1,0,5
BRDA:23,2,0,5
BRDA:31,3,0,5
BRDA:31,3,1,4
BRDA:35,4,0,3
BRDA:35,4,1,2
BRDA:38,5,0,3
BRDA:38,5,1,1
BRF:9
BRH:9
end_of_record
TN:
SF:src\components\ui\Skeleton.module.css
FNF:0
FNH:0
LF:0
LH:0
BRF:0
BRH:0
end_of_record
TN:
SF:src\components\ui\Skeleton.tsx
FN:11,Skeleton
FN:31,SkeletonCard
FN:47,SkeletonList
FN:50,(anonymous_3)
FNF:4
FNH:4
FNDA:31,Skeleton
FNDA:9,SkeletonCard
FNDA:2,SkeletonList
FNDA:8,(anonymous_3)
DA:17,31
DA:18,31
DA:19,31
DA:21,31
DA:32,9
DA:48,2
DA:51,8
LF:7
LH:7
BRDA:12,0,0,31
BRDA:18,1,0,28
BRDA:18,1,1,3
BRDA:18,2,0,10
BRDA:18,2,1,18
BRDA:19,3,0,28
BRDA:19,3,1,3
BRDA:19,4,0,28
BRDA:19,4,1,0
BRDA:23,5,0,31
BRDA:23,5,1,31
BRDA:47,6,0,2
BRF:12
BRH:11
end_of_record
TN:
SF:src\components\ui\SyncFlashOverlay.tsx
FN:9,SyncFlashOverlay
FN:12,(anonymous_1)
FN:14,(anonymous_2)
FN:15,(anonymous_3)
FN:19,(anonymous_4)
FNF:5
FNH:5
FNDA:7,SyncFlashOverlay
FNDA:6,(anonymous_1)
FNDA:1,(anonymous_2)
FNDA:1,(anonymous_3)
FNDA:6,(anonymous_4)
DA:10,7
DA:12,7
DA:14,6
DA:15,6
DA:16,1
DA:19,6
DA:20,6
DA:21,6
DA:25,7
LF:9
LH:9
BRF:0
BRH:0
end_of_record
TN:
SF:src\components\ui\SyncProgressBar.module.css
FNF:0
FNH:0
LF:0
LH:0
BRF:0
BRH:0
end_of_record
TN:
SF:src\components\ui\SyncProgressBar.tsx
FN:11,SyncProgressBar
FNF:1
FNH:1
FNDA:5,SyncProgressBar
DA:12,5
DA:13,5
DA:15,5
LF:3
LH:3
BRDA:19,0,0,2
BRDA:19,0,1,3
BRDA:24,1,0,5
BRDA:24,1,1,4
BRDA:24,2,0,2
BRDA:24,2,1,2
BRDA:30,3,0,2
BRDA:30,3,1,3
BRF:8
BRH:8
end_of_record
TN:
SF:src\features\api.ts
FN:6,(anonymous_0)
FN:7,(anonymous_1)
FN:11,(anonymous_2)
FN:12,(anonymous_3)
FN:15,(anonymous_4)
FN:16,(anonymous_5)
FN:19,(anonymous_6)
FN:20,(anonymous_7)
FN:24,(anonymous_8)
FN:25,(anonymous_9)
FN:28,(anonymous_10)
FN:29,(anonymous_11)
FN:31,(anonymous_12)
FN:36,(anonymous_13)
FN:37,(anonymous_14)
FN:38,(anonymous_15)
FN:39,(anonymous_16)
FN:40,(anonymous_17)
FN:41,(anonymous_18)
FN:42,(anonymous_19)
FN:43,(anonymous_20)
FN:44,(anonymous_21)
FN:45,(anonymous_22)
FN:46,(anonymous_23)
FN:49,(anonymous_24)
FN:50,(anonymous_25)
FN:53,(anonymous_26)
FN:54,(anonymous_27)
FN:58,(anonymous_28)
FN:59,(anonymous_29)
FN:63,(anonymous_30)
FN:65,(anonymous_31)
FN:68,(anonymous_32)
FN:69,(anonymous_33)
FN:72,(anonymous_34)
FN:73,(anonymous_35)
FN:75,(anonymous_36)
FN:76,(anonymous_37)
FN:78,(anonymous_38)
FN:81,(anonymous_39)
FN:83,(anonymous_40)
FN:85,(anonymous_41)
FN:86,(anonymous_42)
FN:87,(anonymous_43)
FN:92,(anonymous_44)
FN:93,(anonymous_45)
FN:95,(anonymous_46)
FNF:47
FNH:0
FNDA:0,(anonymous_0)
FNDA:0,(anonymous_1)
FNDA:0,(anonymous_2)
FNDA:0,(anonymous_3)
FNDA:0,(anonymous_4)
FNDA:0,(anonymous_5)
FNDA:0,(anonymous_6)
FNDA:0,(anonymous_7)
FNDA:0,(anonymous_8)
FNDA:0,(anonymous_9)
FNDA:0,(anonymous_10)
FNDA:0,(anonymous_11)
FNDA:0,(anonymous_12)
FNDA:0,(anonymous_13)
FNDA:0,(anonymous_14)
FNDA:0,(anonymous_15)
FNDA:0,(anonymous_16)
FNDA:0,(anonymous_17)
FNDA:0,(anonymous_18)
FNDA:0,(anonymous_19)
FNDA:0,(anonymous_20)
FNDA:0,(anonymous_21)
FNDA:0,(anonymous_22)
FNDA:0,(anonymous_23)
FNDA:0,(anonymous_24)
FNDA:0,(anonymous_25)
FNDA:0,(anonymous_26)
FNDA:0,(anonymous_27)
FNDA:0,(anonymous_28)
FNDA:0,(anonymous_29)
FNDA:0,(anonymous_30)
FNDA:0,(anonymous_31)
FNDA:0,(anonymous_32)
FNDA:0,(anonymous_33)
FNDA:0,(anonymous_34)
FNDA:0,(anonymous_35)
FNDA:0,(anonymous_36)
FNDA:0,(anonymous_37)
FNDA:0,(anonymous_38)
FNDA:0,(anonymous_39)
FNDA:0,(anonymous_40)
FNDA:0,(anonymous_41)
FNDA:0,(anonymous_42)
FNDA:0,(anonymous_43)
FNDA:0,(anonymous_44)
FNDA:0,(anonymous_45)
FNDA:0,(anonymous_46)
DA:4,3
DA:6,3
DA:7,0
DA:9,3
DA:11,0
DA:12,0
DA:15,0
DA:16,0
DA:19,0
DA:21,0
DA:24,0
DA:25,0
DA:28,0
DA:29,0
DA:32,0
DA:36,0
DA:37,0
DA:38,0
DA:39,0
DA:40,0
DA:41,0
DA:42,0
DA:43,0
DA:44,0
DA:45,0
DA:46,0
DA:49,0
DA:50,0
DA:53,0
DA:55,0
DA:58,0
DA:60,0
DA:63,0
DA:65,0
DA:68,0
DA:69,0
DA:72,0
DA:74,0
DA:75,0
DA:77,0
DA:78,0
DA:82,0
DA:84,0
DA:85,0
DA:86,0
DA:88,0
DA:92,3
DA:93,3
DA:94,0
DA:95,3
LF:50
LH:6
BRDA:7,0,0,0
BRDA:7,0,1,0
BRF:2
BRH:0
end_of_record
TN:
SF:src\features\roomsClient.ts
FN:142,(anonymous_0)
FN:147,(anonymous_1)
FN:157,(anonymous_2)
FN:160,(anonymous_3)
FN:165,(anonymous_4)
FN:167,(anonymous_5)
FN:172,(anonymous_6)
FN:176,(anonymous_7)
FN:180,(anonymous_8)
FN:184,(anonymous_9)
FN:188,(anonymous_10)
FN:190,(anonymous_11)
FN:195,(anonymous_12)
FN:197,(anonymous_13)
FN:203,(anonymous_14)
FN:211,(anonymous_15)
FN:243,(anonymous_16)
FN:251,(anonymous_17)
FN:284,(anonymous_18)
FN:298,(anonymous_19)
FN:309,(anonymous_20)
FN:316,(anonymous_21)
FN:321,(anonymous_22)
FN:330,(anonymous_23)
FN:334,(anonymous_24)
FN:340,(anonymous_25)
FN:352,(anonymous_26)
FN:363,(anonymous_27)
FN:384,(anonymous_28)
FN:401,(anonymous_29)
FN:416,(anonymous_30)
FN:429,(anonymous_31)
FN:442,(anonymous_32)
FN:455,(anonymous_33)
FN:474,(anonymous_34)
FN:495,(anonymous_35)
FN:496,(anonymous_36)
FN:509,(anonymous_37)
FN:528,(anonymous_38)
FN:540,(anonymous_39)
FN:555,(anonymous_40)
FN:569,(anonymous_41)
FN:575,(anonymous_42)
FN:581,(anonymous_43)
FN:586,(anonymous_44)
FN:591,(anonymous_45)
FN:597,(anonymous_46)
FN:602,(anonymous_47)
FN:607,(anonymous_48)
FN:621,(anonymous_49)
FN:631,(anonymous_50)
FN:646,(anonymous_51)
FN:660,(anonymous_52)
FN:667,(anonymous_53)
FN:676,(anonymous_54)
FN:687,(anonymous_55)
FNF:56
FNH:5
FNDA:0,(anonymous_0)
FNDA:0,(anonymous_1)
FNDA:0,(anonymous_2)
FNDA:0,(anonymous_3)
FNDA:0,(anonymous_4)
FNDA:0,(anonymous_5)
FNDA:0,(anonymous_6)
FNDA:0,(anonymous_7)
FNDA:0,(anonymous_8)
FNDA:0,(anonymous_9)
FNDA:0,(anonymous_10)
FNDA:0,(anonymous_11)
FNDA:0,(anonymous_12)
FNDA:0,(anonymous_13)
FNDA:0,(anonymous_14)
FNDA:0,(anonymous_15)
FNDA:0,(anonymous_16)
FNDA:0,(anonymous_17)
FNDA:0,(anonymous_18)
FNDA:0,(anonymous_19)
FNDA:0,(anonymous_20)
FNDA:0,(anonymous_21)
FNDA:0,(anonymous_22)
FNDA:0,(anonymous_23)
FNDA:0,(anonymous_24)
FNDA:0,(anonymous_25)
FNDA:0,(anonymous_26)
FNDA:0,(anonymous_27)
FNDA:0,(anonymous_28)
FNDA:0,(anonymous_29)
FNDA:0,(anonymous_30)
FNDA:0,(anonymous_31)
FNDA:0,(anonymous_32)
FNDA:12,(anonymous_33)
FNDA:8,(anonymous_34)
FNDA:4,(anonymous_35)
FNDA:1,(anonymous_36)
FNDA:3,(anonymous_37)
FNDA:0,(anonymous_38)
FNDA:0,(anonymous_39)
FNDA:0,(anonymous_40)
FNDA:0,(anonymous_41)
FNDA:0,(anonymous_42)
FNDA:0,(anonymous_43)
FNDA:0,(anonymous_44)
FNDA:0,(anonymous_45)
FNDA:0,(anonymous_46)
FNDA:0,(anonymous_47)
FNDA:0,(anonymous_48)
FNDA:0,(anonymous_49)
FNDA:0,(anonymous_50)
FNDA:0,(anonymous_51)
FNDA:0,(anonymous_52)
FNDA:0,(anonymous_53)
FNDA:0,(anonymous_54)
FNDA:0,(anonymous_55)
DA:19,2
DA:20,2
DA:23,2
DA:25,2
DA:26,2
DA:105,2
DA:106,2
DA:107,2
DA:108,2
DA:110,2
DA:111,2
DA:112,2
DA:115,2
DA:117,2
DA:120,2
DA:121,2
DA:127,2
DA:132,2
DA:139,2
DA:143,0
DA:144,0
DA:148,0
DA:149,0
DA:150,0
DA:158,0
DA:159,0
DA:160,0
DA:161,0
DA:166,0
DA:167,0
DA:168,0
DA:173,0
DA:177,0
DA:181,0
DA:185,0
DA:189,0
DA:190,0
DA:191,0
DA:196,0
DA:197,0
DA:198,0
DA:204,0
DA:205,0
DA:211,0
DA:212,0
DA:213,0
DA:217,0
DA:218,0
DA:221,0
DA:222,0
DA:223,0
DA:224,0
DA:225,0
DA:229,0
DA:230,0
DA:232,0
DA:238,0
DA:239,0
DA:244,0
DA:245,0
DA:251,0
DA:252,0
DA:253,0
DA:257,0
DA:258,0
DA:261,0
DA:262,0
DA:263,0
DA:264,0
DA:265,0
DA:269,0
DA:270,0
DA:272,0
DA:278,0
DA:279,0
DA:285,0
DA:286,0
DA:288,0
DA:290,0
DA:291,0
DA:298,0
DA:299,0
DA:303,0
DA:309,0
DA:310,0
DA:311,0
DA:312,0
DA:316,0
DA:317,0
DA:318,0
DA:321,0
DA:322,0
DA:323,0
DA:327,0
DA:330,0
DA:331,0
DA:334,0
DA:335,0
DA:336,0
DA:337,0
DA:340,0
DA:342,0
DA:348,0
DA:349,0
DA:352,0
DA:353,0
DA:354,0
DA:355,0
DA:356,0
DA:357,0
DA:358,0
DA:359,0
DA:364,0
DA:365,0
DA:366,0
DA:367,0
DA:371,0
DA:374,0
DA:376,0
DA:377,0
DA:378,0
DA:379,0
DA:380,0
DA:385,0
DA:386,0
DA:387,0
DA:396,0
DA:402,0
DA:403,0
DA:404,0
DA:412,0
DA:417,0
DA:418,0
DA:419,0
DA:425,0
DA:430,0
DA:431,0
DA:432,0
DA:438,0
DA:443,0
DA:444,0
DA:445,0
DA:451,0
DA:456,12
DA:457,12
DA:458,10
DA:466,0
DA:476,8
DA:477,1
DA:478,1
DA:480,7
DA:481,1
DA:482,1
DA:484,6
DA:485,1
DA:486,1
DA:488,5
DA:489,1
DA:490,1
DA:493,4
DA:495,4
DA:496,4
DA:497,1
DA:498,1
DA:501,4
DA:510,3
DA:511,3
DA:512,2
DA:513,2
DA:515,1
DA:516,1
DA:533,0
DA:541,0
DA:543,0
DA:555,0
DA:556,0
DA:559,0
DA:562,0
DA:563,0
DA:564,0
DA:565,0
DA:569,0
DA:570,0
DA:571,0
DA:572,0
DA:575,0
DA:576,0
DA:577,0
DA:581,0
DA:582,0
DA:583,0
DA:586,0
DA:587,0
DA:588,0
DA:591,0
DA:592,0
DA:593,0
DA:597,0
DA:598,0
DA:599,0
DA:602,0
DA:603,0
DA:604,0
DA:607,0
DA:608,0
DA:613,0
DA:623,0
DA:625,0
DA:626,0
DA:630,0
DA:631,0
DA:632,0
DA:633,0
DA:634,0
DA:637,0
DA:638,0
DA:639,0
DA:647,0
DA:648,0
DA:649,0
DA:650,0
DA:651,0
DA:652,0
DA:653,0
DA:661,0
DA:668,0
DA:681,0
DA:688,0
DA:689,0
DA:690,0
DA:691,0
DA:694,0
DA:695,0
DA:699,2
LF:234
LH:47
BRDA:25,0,0,2
BRDA:25,0,1,0
BRDA:149,1,0,0
BRDA:149,1,1,0
BRDA:152,2,0,0
BRDA:152,2,1,0
BRDA:185,3,0,0
BRDA:185,3,1,0
BRDA:212,4,0,0
BRDA:212,4,1,0
BRDA:214,5,0,0
BRDA:214,5,1,0
BRDA:215,6,0,0
BRDA:215,6,1,0
BRDA:232,7,0,0
BRDA:232,7,1,0
BRDA:232,8,0,0
BRDA:232,8,1,0
BRDA:232,8,2,0
BRDA:252,9,0,0
BRDA:252,9,1,0
BRDA:254,10,0,0
BRDA:254,10,1,0
BRDA:255,11,0,0
BRDA:255,11,1,0
BRDA:272,12,0,0
BRDA:272,12,1,0
BRDA:272,13,0,0
BRDA:272,13,1,0
BRDA:272,13,2,0
BRDA:285,14,0,0
BRDA:285,14,1,0
BRDA:285,15,0,0
BRDA:285,15,1,0
BRDA:288,16,0,0
BRDA:288,16,1,0
BRDA:311,17,0,0
BRDA:311,17,1,0
BRDA:324,18,0,0
BRDA:324,18,1,0
BRDA:344,19,0,0
BRDA:344,19,1,0
BRDA:344,19,2,0
BRDA:365,20,0,0
BRDA:365,20,1,0
BRDA:365,21,0,0
BRDA:365,21,1,0
BRDA:365,21,2,0
BRDA:386,22,0,0
BRDA:386,22,1,0
BRDA:386,23,0,0
BRDA:386,23,1,0
BRDA:386,23,2,0
BRDA:403,24,0,0
BRDA:403,24,1,0
BRDA:403,25,0,0
BRDA:403,25,1,0
BRDA:403,25,2,0
BRDA:418,26,0,0
BRDA:418,26,1,0
BRDA:418,27,0,0
BRDA:418,27,1,0
BRDA:418,27,2,0
BRDA:431,28,0,0
BRDA:431,28,1,0
BRDA:431,29,0,0
BRDA:431,29,1,0
BRDA:431,29,2,0
BRDA:444,30,0,0
BRDA:444,30,1,0
BRDA:444,31,0,0
BRDA:444,31,1,0
BRDA:444,31,2,0
BRDA:457,32,0,2
BRDA:457,32,1,10
BRDA:457,33,0,12
BRDA:457,33,1,11
BRDA:457,33,2,10
BRDA:476,34,0,1
BRDA:476,34,1,7
BRDA:480,35,0,1
BRDA:480,35,1,6
BRDA:484,36,0,1
BRDA:484,36,1,5
BRDA:488,37,0,1
BRDA:488,37,1,4
BRDA:511,38,0,2
BRDA:511,38,1,1
BRDA:516,39,0,1
BRDA:516,39,1,0
BRDA:541,40,0,0
BRDA:541,40,1,0
BRDA:562,41,0,0
BRDA:562,41,1,0
BRDA:625,42,0,0
BRDA:625,42,1,0
BRDA:630,43,0,0
BRDA:630,43,1,0
BRDA:647,44,0,0
BRDA:647,44,1,0
BRDA:661,45,0,0
BRDA:661,45,1,0
BRDA:688,46,0,0
BRDA:688,46,1,0
BRF:104
BRH:17
end_of_record
TN:
SF:src\features\analytics\tracker.ts
FN:21,isTrackingEnabled
FN:35,trackEvent
FN:77,sanitizeData
FN:91,(anonymous_3)
FN:92,(anonymous_4)
FN:93,(anonymous_5)
FN:94,(anonymous_6)
FN:95,(anonymous_7)
FN:96,(anonymous_8)
FN:97,(anonymous_9)
FN:98,(anonymous_10)
FNF:11
FNH:0
FNDA:0,isTrackingEnabled
FNDA:0,trackEvent
FNDA:0,sanitizeData
FNDA:0,(anonymous_3)
FNDA:0,(anonymous_4)
FNDA:0,(anonymous_5)
FNDA:0,(anonymous_6)
FNDA:0,(anonymous_7)
FNDA:0,(anonymous_8)
FNDA:0,(anonymous_9)
FNDA:0,(anonymous_10)
DA:4,2
DA:5,2
DA:23,0
DA:24,0
DA:25,0
DA:28,0
DA:29,0
DA:31,0
DA:36,0
DA:37,0
DA:38,0
DA:41,0
DA:43,0
DA:54,0
DA:56,0
DA:68,0
DA:69,0
DA:73,0
DA:78,0
DA:81,0
DA:82,0
DA:83,0
DA:84,0
DA:85,0
DA:87,0
DA:91,2
DA:92,2
DA:93,2
DA:94,2
DA:95,2
DA:96,2
DA:97,2
DA:98,2
DA:99,0
LF:34
LH:10
BRDA:23,0,0,0
BRDA:23,0,1,0
BRDA:23,1,0,0
BRDA:23,1,1,0
BRDA:36,2,0,0
BRDA:36,2,1,0
BRDA:46,3,0,0
BRDA:46,3,1,0
BRDA:68,4,0,0
BRDA:68,4,1,0
BRDA:78,5,0,0
BRDA:78,5,1,0
BRDA:87,6,0,0
BRDA:87,6,1,0
BRF:14
BRH:0
end_of_record
TN:
SF:src\features\history\historyStore.ts
FN:26,addToHistory
FN:37,getRecentHistory
FN:44,clearHistory
FN:51,getHistorySettings
FN:58,setHistorySettings
FNF:5
FNH:5
FNDA:1,addToHistory
FNDA:1,getRecentHistory
FNDA:2,clearHistory
FNDA:1,getHistorySettings
FNDA:1,setHistorySettings
DA:21,7
DA:31,1
DA:38,1
DA:45,2
DA:52,1
DA:59,1
LF:6
LH:6
BRF:0
BRH:0
end_of_record
TN:
SF:src\features\hooks\useRooms.ts
FN:20,useRooms
FN:34,(anonymous_1)
FN:35,(anonymous_2)
FN:41,(anonymous_3)
FN:53,(anonymous_4)
FN:60,(anonymous_5)
FN:61,(anonymous_6)
FN:75,(anonymous_7)
FN:88,(anonymous_8)
FN:93,(anonymous_9)
FN:94,(anonymous_10)
FN:95,(anonymous_11)
FN:104,(anonymous_12)
FN:121,(anonymous_13)
FN:137,(anonymous_14)
FN:146,(anonymous_15)
FN:179,(anonymous_16)
FN:186,(anonymous_17)
FN:191,(anonymous_18)
FNF:19
FNH:10
FNDA:8,useRooms
FNDA:4,(anonymous_1)
FNDA:2,(anonymous_2)
FNDA:0,(anonymous_3)
FNDA:4,(anonymous_4)
FNDA:4,(anonymous_5)
FNDA:0,(anonymous_6)
FNDA:0,(anonymous_7)
FNDA:4,(anonymous_8)
FNDA:4,(anonymous_9)
FNDA:0,(anonymous_10)
FNDA:0,(anonymous_11)
FNDA:1,(anonymous_12)
FNDA:1,(anonymous_13)
FNDA:0,(anonymous_14)
FNDA:0,(anonymous_15)
FNDA:6,(anonymous_16)
FNDA:0,(anonymous_17)
FNDA:0,(anonymous_18)
DA:15,1
DA:18,1
DA:21,8
DA:22,8
DA:23,8
DA:24,8
DA:25,8
DA:28,8
DA:31,8
DA:34,8
DA:35,4
DA:36,2
DA:37,2
DA:38,2
DA:41,4
DA:42,0
DA:43,0
DA:46,4
DA:47,4
DA:49,4
DA:50,0
DA:53,4
DA:54,4
DA:55,4
DA:60,8
DA:61,4
DA:63,0
DA:72,0
DA:74,0
DA:75,0
DA:78,0
DA:79,0
DA:80,0
DA:81,0
DA:82,0
DA:84,0
DA:88,4
DA:92,8
DA:93,8
DA:94,4
DA:95,0
DA:100,4
DA:104,8
DA:105,1
DA:106,1
DA:107,1
DA:108,1
DA:109,1
DA:110,1
DA:111,1
DA:112,1
DA:117,1
DA:121,8
DA:122,1
DA:123,1
DA:124,1
DA:125,1
DA:126,1
DA:127,1
DA:128,1
DA:129,1
DA:133,1
DA:137,8
DA:138,0
DA:139,0
DA:140,0
DA:141,0
DA:142,0
DA:146,8
DA:147,0
DA:148,0
DA:150,0
DA:151,0
DA:153,0
DA:154,0
DA:155,0
DA:156,0
DA:157,0
DA:158,0
DA:159,0
DA:160,0
DA:161,0
DA:162,0
DA:163,0
DA:168,0
DA:173,8
DA:176,8
DA:179,8
DA:180,6
DA:181,0
DA:186,8
DA:187,0
DA:191,8
DA:192,0
DA:195,8
LF:95
LH:57
BRDA:38,0,0,2
BRDA:38,0,1,0
BRDA:49,1,0,0
BRDA:49,1,1,4
BRDA:78,2,0,0
BRDA:78,2,1,0
BRDA:79,3,0,0
BRDA:79,3,1,0
BRDA:148,4,0,0
BRDA:148,4,1,0
BRDA:154,5,0,0
BRDA:154,5,1,0
BRDA:159,6,0,0
BRDA:159,6,1,0
BRDA:173,7,0,0
BRDA:173,7,1,8
BRDA:173,8,0,0
BRDA:173,8,1,0
BRDA:176,9,0,0
BRDA:176,9,1,8
BRDA:180,10,0,0
BRDA:180,10,1,6
BRF:22
BRH:5
end_of_record
TN:
SF:src\features\hooks\useSelection.ts
FN:5,useSelection
FN:14,(anonymous_1)
FN:17,(anonymous_2)
FNF:3
FNH:3
FNDA:9,useSelection
FNDA:4,(anonymous_1)
FNDA:4,(anonymous_2)
DA:6,9
DA:14,9
DA:15,4
DA:16,4
DA:17,4
DA:20,9
LF:6
LH:6
BRDA:17,0,0,4
BRDA:17,0,1,0
BRF:2
BRH:1
end_of_record
TN:
SF:src\features\invitations\invitationStore.ts
FN:38,(anonymous_0)
FN:40,(anonymous_1)
FN:43,(anonymous_2)
FN:51,(anonymous_3)
FN:55,(anonymous_4)
FN:59,(anonymous_5)
FN:63,(anonymous_6)
FN:65,(anonymous_7)
FN:72,(anonymous_8)
FN:73,(anonymous_9)
FN:77,(anonymous_10)
FN:84,(anonymous_11)
FN:88,(anonymous_12)
FN:93,(anonymous_13)
FN:100,(anonymous_14)
FN:111,(anonymous_15)
FN:122,(anonymous_16)
FN:136,(anonymous_17)
FN:148,(anonymous_18)
FN:157,(anonymous_19)
FN:167,(anonymous_20)
FNF:21
FNH:10
FNDA:1,(anonymous_0)
FNDA:1,(anonymous_1)
FNDA:22,(anonymous_2)
FNDA:0,(anonymous_3)
FNDA:5,(anonymous_4)
FNDA:10,(anonymous_5)
FNDA:12,(anonymous_6)
FNDA:7,(anonymous_7)
FNDA:4,(anonymous_8)
FNDA:7,(anonymous_9)
FNDA:7,(anonymous_10)
FNDA:0,(anonymous_11)
FNDA:0,(anonymous_12)
FNDA:0,(anonymous_13)
FNDA:0,(anonymous_14)
FNDA:0,(anonymous_15)
FNDA:0,(anonymous_16)
FNDA:0,(anonymous_17)
FNDA:0,(anonymous_18)
FNDA:0,(anonymous_19)
FNDA:0,(anonymous_20)
DA:26,1
DA:29,1
DA:30,1
DA:32,1
DA:34,1
DA:36,1
DA:39,1
DA:40,1
DA:44,22
DA:45,2
DA:52,0
DA:56,5
DA:60,10
DA:65,12
DA:66,1
DA:68,11
DA:69,11
DA:73,7
DA:74,4
DA:78,7
DA:79,7
DA:85,0
DA:89,0
DA:90,0
DA:94,0
DA:101,0
DA:102,0
DA:103,0
DA:108,0
DA:111,0
DA:112,0
DA:113,0
DA:114,0
DA:123,0
DA:124,0
DA:126,0
DA:127,0
DA:133,0
DA:136,0
DA:137,0
DA:138,0
DA:139,0
DA:149,0
DA:150,0
DA:151,0
DA:158,0
DA:159,0
DA:160,0
DA:161,0
DA:168,0
DA:173,1
LF:51
LH:21
BRDA:56,0,0,5
BRDA:56,0,1,1
BRDA:65,1,0,1
BRDA:65,1,1,11
BRDA:112,2,0,0
BRDA:112,2,1,0
BRDA:112,3,0,0
BRDA:112,3,1,0
BRDA:123,4,0,0
BRDA:123,4,1,0
BRDA:126,5,0,0
BRDA:126,5,1,0
BRDA:137,6,0,0
BRDA:137,6,1,0
BRDA:137,7,0,0
BRDA:137,7,1,0
BRDA:150,8,0,0
BRDA:150,8,1,0
BRDA:159,9,0,0
BRDA:159,9,1,0
BRF:20
BRH:4
end_of_record
TN:
SF:src\features\presence\presenceStore.ts
FN:22,(anonymous_0)
FN:24,(anonymous_1)
FN:27,(anonymous_2)
FN:35,(anonymous_3)
FN:39,(anonymous_4)
FN:43,(anonymous_5)
FN:47,(anonymous_6)
FN:52,(anonymous_7)
FN:56,(anonymous_8)
FN:63,(anonymous_9)
FN:71,(anonymous_10)
FN:80,(anonymous_11)
FN:86,(anonymous_12)
FNF:13
FNH:0
FNDA:0,(anonymous_0)
FNDA:0,(anonymous_1)
FNDA:0,(anonymous_2)
FNDA:0,(anonymous_3)
FNDA:0,(anonymous_4)
FNDA:0,(anonymous_5)
FNDA:0,(anonymous_6)
FNDA:0,(anonymous_7)
FNDA:0,(anonymous_8)
FNDA:0,(anonymous_9)
FNDA:0,(anonymous_10)
FNDA:0,(anonymous_11)
FNDA:0,(anonymous_12)
DA:15,2
DA:16,2
DA:17,2
DA:18,2
DA:20,2
DA:23,0
DA:24,0
DA:29,0
DA:30,0
DA:31,0
DA:36,0
DA:40,0
DA:44,0
DA:48,0
DA:49,0
DA:53,0
DA:57,0
DA:58,0
DA:59,0
DA:64,0
DA:65,0
DA:66,0
DA:68,0
DA:73,0
DA:74,0
DA:76,0
DA:77,0
DA:81,0
DA:82,0
DA:87,0
DA:88,0
DA:89,0
DA:90,0
DA:95,2
LF:34
LH:6
BRDA:57,0,0,0
BRDA:57,0,1,0
BRDA:73,1,0,0
BRDA:73,1,1,0
BRDA:81,2,0,0
BRDA:81,2,1,0
BRF:6
BRH:0
end_of_record
TN:
SF:src\features\priority\priorityStore.ts
FN:21,setPriority
FN:32,getPriority
FN:42,getAllPriorities
FN:49,clearPriorities
FN:56,favoriteAll
FN:66,resetAllPriorities
FNF:6
FNH:6
FNDA:3,setPriority
FNDA:2,getPriority
FNDA:2,getAllPriorities
FNDA:2,clearPriorities
FNDA:2,favoriteAll
FNDA:1,resetAllPriorities
DA:16,12
DA:26,3
DA:36,2
DA:43,2
DA:50,2
DA:60,2
DA:67,1
LF:7
LH:7
BRF:0
BRH:0
end_of_record
TN:
SF:src\features\utils\colorCache.ts
FN:17,(anonymous_0)
FN:21,(anonymous_1)
FN:25,(anonymous_2)
FN:36,(anonymous_3)
FN:43,(anonymous_4)
FN:48,(anonymous_5)
FN:52,(anonymous_6)
FN:54,(anonymous_7)
FN:58,(anonymous_8)
FN:72,(anonymous_9)
FN:82,(anonymous_10)
FN:91,(anonymous_11)
FNF:12
FNH:12
FNDA:9,(anonymous_0)
FNDA:1035,(anonymous_1)
FNDA:9,(anonymous_2)
FNDA:1024,(anonymous_3)
FNDA:2,(anonymous_4)
FNDA:1024,(anonymous_5)
FNDA:12456,(anonymous_6)
FNDA:20,(anonymous_7)
FNDA:9,(anonymous_8)
FNDA:1024,(anonymous_9)
FNDA:1,(anonymous_10)
FNDA:4,(anonymous_11)
DA:4,9
DA:5,9
DA:18,9
DA:22,1035
DA:26,9
DA:27,9
DA:28,9
DA:30,5
DA:31,5
DA:33,4
DA:37,1024
DA:38,1024
DA:39,1024
DA:40,1024
DA:44,2
DA:45,2
DA:49,1024
DA:51,20
DA:52,12456
DA:53,20
DA:54,20
DA:59,9
DA:60,9
DA:61,9
DA:62,2
DA:63,2
DA:67,1
DA:69,8
DA:73,1024
DA:74,1024
DA:75,1024
DA:78,0
DA:83,1
DA:84,1
DA:85,1
DA:92,4
DA:96,9
LF:37
LH:36
BRDA:28,0,0,5
BRDA:28,0,1,4
BRDA:49,1,0,20
BRDA:49,1,1,1004
BRDA:61,2,0,2
BRDA:61,2,1,7
BRF:6
BRH:6
end_of_record
TN:
SF:src\features\utils\errorMessages.ts
FNF:0
FNH:0
DA:1,2
DA:10,2
LF:2
LH:2
BRF:0
BRH:0
end_of_record
TN:
SF:src\test\mocks\lcu.ts
FNF:0
FNH:0
DA:3,12
LF:1
LH:1
BRF:0
BRH:0
end_of_record
