TN:
SF:electron\utils\RandomSelector.ts
FN:13,(anonymous_0)
FN:23,(anonymous_1)
FN:33,(anonymous_2)
FN:46,(anonymous_3)
FN:61,(anonymous_4)
FN:65,(anonymous_5)
FN:73,(anonymous_6)
FN:80,(anonymous_7)
FN:87,(anonymous_8)
FN:106,(anonymous_9)
FN:124,(anonymous_10)
FN:128,(anonymous_11)
FN:135,(anonymous_12)
FN:155,(anonymous_13)
FNF:14
FNH:14
FNDA:1,(anonymous_0)
FNDA:1,(anonymous_1)
FNDA:1,(anonymous_2)
FNDA:1,(anonymous_3)
FNDA:48,(anonymous_4)
FNDA:8,(anonymous_5)
FNDA:34,(anonymous_6)
FNDA:7,(anonymous_7)
FNDA:7,(anonymous_8)
FNDA:1,(anonymous_9)
FNDA:53,(anonymous_10)
FNDA:2,(anonymous_11)
FNDA:40,(anonymous_12)
FNDA:40,(anonymous_13)
DA:1,1
DA:14,19
DA:15,15
DA:16,15
DA:17,15
DA:24,18
DA:25,18
DA:26,18
DA:34,43
DA:35,39
DA:36,34
DA:52,17
DA:55,16
DA:56,16
DA:58,16
DA:59,16
DA:61,48
DA:64,16
DA:65,8
DA:66,3
DA:68,0
DA:73,34
DA:74,16
DA:75,13
DA:76,13
DA:80,3
DA:81,7
DA:82,7
DA:83,7
DA:84,7
DA:87,7
DA:88,3
DA:90,3
DA:91,5
DA:92,5
DA:95,0
DA:113,19
DA:116,18
DA:117,18
DA:119,18
DA:120,3
DA:121,4
DA:124,53
DA:127,18
DA:128,2
DA:129,1
DA:130,0
DA:135,18
DA:137,40
DA:140,40
DA:141,40
DA:142,40
DA:143,8
DA:144,8
DA:147,32
DA:151,40
DA:155,40
DA:156,18
DA:158,18
DA:160,18
DA:161,18
DA:162,18
DA:165,0
LF:63
LH:59
BRDA:14,0,0,4
BRDA:14,0,1,15
BRDA:34,1,0,4
BRDA:34,1,1,39
BRDA:35,2,0,5
BRDA:35,2,1,34
BRDA:52,3,0,1
BRDA:52,3,1,16
BRDA:56,4,0,11
BRDA:56,4,1,5
BRDA:64,5,0,3
BRDA:64,5,1,13
BRDA:66,6,0,0
BRDA:66,6,1,3
BRDA:74,7,0,13
BRDA:74,7,1,3
BRDA:82,8,0,0
BRDA:82,8,1,7
BRDA:84,9,0,7
BRDA:84,9,1,0
BRDA:92,10,0,3
BRDA:92,10,1,2
BRDA:113,11,0,1
BRDA:113,11,1,18
BRDA:117,12,0,11
BRDA:117,12,1,7
BRDA:119,13,0,3
BRDA:119,13,1,15
BRDA:127,14,0,1
BRDA:127,14,1,17
BRDA:129,15,0,0
BRDA:129,15,1,1
BRDA:137,16,0,40
BRDA:137,16,1,33
BRDA:142,17,0,8
BRDA:142,17,1,32
BRDA:144,18,0,8
BRDA:144,18,1,0
BRDA:156,19,0,0
BRDA:156,19,1,18
BRDA:162,20,0,18
BRDA:162,20,1,0
BRF:42
BRH:35
end_of_record
TN:
SF:src\components\ui\ConfettiOverlay.tsx
FN:23,ConfettiOverlay
FN:27,(anonymous_1)
FN:29,(anonymous_2)
FN:43,(anonymous_3)
FN:44,(anonymous_4)
FN:44,(anonymous_5)
FN:56,(anonymous_6)
FN:57,(anonymous_7)
FN:59,(anonymous_8)
FN:79,(anonymous_9)
FNF:10
FNH:10
FNDA:14,ConfettiOverlay
FNDA:6,(anonymous_1)
FNDA:300,(anonymous_2)
FNDA:187,(anonymous_3)
FNDA:187,(anonymous_4)
FNDA:9350,(anonymous_5)
FNDA:2,(anonymous_6)
FNDA:2,(anonymous_7)
FNDA:6,(anonymous_8)
FNDA:400,(anonymous_9)
DA:15,1
DA:16,1
DA:24,14
DA:25,14
DA:27,14
DA:29,300
DA:39,6
DA:43,6
DA:44,9350
DA:51,187
DA:53,6
DA:56,6
DA:57,6
DA:59,6
DA:60,6
DA:61,6
DA:62,6
DA:66,14
DA:80,400
LF:19
LH:19
BRDA:23,0,0,14
BRDA:74,1,0,12
BRDA:74,1,1,2
BRDA:89,2,0,209
BRDA:89,2,1,191
BRF:5
BRH:5
end_of_record
TN:
SF:src\components\ui\ConnectionStatus.module.css
FNF:0
FNH:0
LF:0
LH:0
BRF:0
BRH:0
end_of_record
TN:
SF:src\components\ui\ConnectionStatus.tsx
FN:20,ConnectionStatus
FNF:1
FNH:1
FNDA:6,ConnectionStatus
DA:13,1
DA:21,6
DA:22,6
DA:24,6
LF:4
LH:4
BRDA:22,0,0,1
BRDA:22,0,1,5
BRDA:32,1,0,2
BRDA:32,1,1,4
BRF:4
BRH:4
end_of_record
TN:
SF:src\components\ui\LoadingButton.tsx
FN:16,LoadingButton
FNF:1
FNH:1
FNDA:5,LoadingButton
DA:26,5
LF:1
LH:1
BRDA:17,0,0,5
BRDA:18,1,0,5
BRDA:23,2,0,5
BRDA:31,3,0,5
BRDA:31,3,1,4
BRDA:35,4,0,3
BRDA:35,4,1,2
BRDA:38,5,0,3
BRDA:38,5,1,1
BRF:9
BRH:9
end_of_record
TN:
SF:src\components\ui\Skeleton.module.css
FNF:0
FNH:0
LF:0
LH:0
BRF:0
BRH:0
end_of_record
TN:
SF:src\components\ui\Skeleton.tsx
FN:11,Skeleton
FN:31,SkeletonCard
FN:47,SkeletonList
FN:50,(anonymous_3)
FNF:4
FNH:4
FNDA:31,Skeleton
FNDA:9,SkeletonCard
FNDA:2,SkeletonList
FNDA:8,(anonymous_3)
DA:17,31
DA:18,31
DA:19,31
DA:21,31
DA:32,9
DA:48,2
DA:51,8
LF:7
LH:7
BRDA:12,0,0,31
BRDA:18,1,0,28
BRDA:18,1,1,3
BRDA:18,2,0,10
BRDA:18,2,1,18
BRDA:19,3,0,28
BRDA:19,3,1,3
BRDA:19,4,0,28
BRDA:19,4,1,0
BRDA:23,5,0,31
BRDA:23,5,1,31
BRDA:47,6,0,2
BRF:12
BRH:11
end_of_record
TN:
SF:src\components\ui\SyncFlashOverlay.tsx
FN:9,SyncFlashOverlay
FN:12,(anonymous_1)
FN:14,(anonymous_2)
FN:15,(anonymous_3)
FN:19,(anonymous_4)
FNF:5
FNH:5
FNDA:7,SyncFlashOverlay
FNDA:6,(anonymous_1)
FNDA:1,(anonymous_2)
FNDA:1,(anonymous_3)
FNDA:6,(anonymous_4)
DA:10,7
DA:12,7
DA:14,6
DA:15,6
DA:16,1
DA:19,6
DA:20,6
DA:21,6
DA:25,7
LF:9
LH:9
BRF:0
BRH:0
end_of_record
TN:
SF:src\components\ui\SyncProgressBar.module.css
FNF:0
FNH:0
LF:0
LH:0
BRF:0
BRH:0
end_of_record
TN:
SF:src\components\ui\SyncProgressBar.tsx
FN:11,SyncProgressBar
FNF:1
FNH:1
FNDA:5,SyncProgressBar
DA:12,5
DA:13,5
DA:15,5
LF:3
LH:3
BRDA:19,0,0,2
BRDA:19,0,1,3
BRDA:24,1,0,5
BRDA:24,1,1,4
BRDA:24,2,0,2
BRDA:24,2,1,2
BRDA:30,3,0,2
BRDA:30,3,1,3
BRF:8
BRH:8
end_of_record
TN:
SF:src\features\api.ts
FN:6,(anonymous_0)
FN:7,(anonymous_1)
FN:11,(anonymous_2)
FN:12,(anonymous_3)
FN:15,(anonymous_4)
FN:16,(anonymous_5)
FN:20,(anonymous_6)
FN:21,(anonymous_7)
FN:24,(anonymous_8)
FN:25,(anonymous_9)
FN:27,(anonymous_10)
FN:32,(anonymous_11)
FN:33,(anonymous_12)
FN:34,(anonymous_13)
FN:35,(anonymous_14)
FN:36,(anonymous_15)
FN:37,(anonymous_16)
FN:38,(anonymous_17)
FN:39,(anonymous_18)
FN:40,(anonymous_19)
FN:41,(anonymous_20)
FN:42,(anonymous_21)
FN:45,(anonymous_22)
FN:46,(anonymous_23)
FN:49,(anonymous_24)
FN:50,(anonymous_25)
FN:54,(anonymous_26)
FN:55,(anonymous_27)
FN:59,(anonymous_28)
FN:61,(anonymous_29)
FN:64,(anonymous_30)
FN:65,(anonymous_31)
FN:68,(anonymous_32)
FN:69,(anonymous_33)
FN:71,(anonymous_34)
FN:72,(anonymous_35)
FN:74,(anonymous_36)
FN:77,(anonymous_37)
FN:79,(anonymous_38)
FN:81,(anonymous_39)
FN:82,(anonymous_40)
FN:83,(anonymous_41)
FNF:42
FNH:0
FNDA:0,(anonymous_0)
FNDA:0,(anonymous_1)
FNDA:0,(anonymous_2)
FNDA:0,(anonymous_3)
FNDA:0,(anonymous_4)
FNDA:0,(anonymous_5)
FNDA:0,(anonymous_6)
FNDA:0,(anonymous_7)
FNDA:0,(anonymous_8)
FNDA:0,(anonymous_9)
FNDA:0,(anonymous_10)
FNDA:0,(anonymous_11)
FNDA:0,(anonymous_12)
FNDA:0,(anonymous_13)
FNDA:0,(anonymous_14)
FNDA:0,(anonymous_15)
FNDA:0,(anonymous_16)
FNDA:0,(anonymous_17)
FNDA:0,(anonymous_18)
FNDA:0,(anonymous_19)
FNDA:0,(anonymous_20)
FNDA:0,(anonymous_21)
FNDA:0,(anonymous_22)
FNDA:0,(anonymous_23)
FNDA:0,(anonymous_24)
FNDA:0,(anonymous_25)
FNDA:0,(anonymous_26)
FNDA:0,(anonymous_27)
FNDA:0,(anonymous_28)
FNDA:0,(anonymous_29)
FNDA:0,(anonymous_30)
FNDA:0,(anonymous_31)
FNDA:0,(anonymous_32)
FNDA:0,(anonymous_33)
FNDA:0,(anonymous_34)
FNDA:0,(anonymous_35)
FNDA:0,(anonymous_36)
FNDA:0,(anonymous_37)
FNDA:0,(anonymous_38)
FNDA:0,(anonymous_39)
FNDA:0,(anonymous_40)
FNDA:0,(anonymous_41)
DA:4,1
DA:6,1
DA:7,0
DA:9,1
DA:11,0
DA:12,0
DA:15,0
DA:17,0
DA:20,0
DA:21,0
DA:24,0
DA:25,0
DA:28,0
DA:32,0
DA:33,0
DA:34,0
DA:35,0
DA:36,0
DA:37,0
DA:38,0
DA:39,0
DA:40,0
DA:41,0
DA:42,0
DA:45,0
DA:46,0
DA:49,0
DA:51,0
DA:54,0
DA:56,0
DA:59,0
DA:61,0
DA:64,0
DA:65,0
DA:68,0
DA:70,0
DA:71,0
DA:73,0
DA:74,0
DA:78,0
DA:80,0
DA:81,0
DA:82,0
DA:84,0
LF:44
LH:3
BRDA:7,0,0,0
BRDA:7,0,1,0
BRF:2
BRH:0
end_of_record
TN:
SF:src\features\roomsClient.ts
FN:88,(anonymous_0)
FN:93,(anonymous_1)
FN:103,(anonymous_2)
FN:106,(anonymous_3)
FN:111,(anonymous_4)
FN:113,(anonymous_5)
FN:118,(anonymous_6)
FN:122,(anonymous_7)
FN:126,(anonymous_8)
FN:130,(anonymous_9)
FN:134,(anonymous_10)
FN:136,(anonymous_11)
FN:141,(anonymous_12)
FN:143,(anonymous_13)
FN:149,(anonymous_14)
FN:157,(anonymous_15)
FN:188,(anonymous_16)
FN:196,(anonymous_17)
FN:228,(anonymous_18)
FN:242,(anonymous_19)
FN:253,(anonymous_20)
FN:260,(anonymous_21)
FN:265,(anonymous_22)
FN:274,(anonymous_23)
FN:278,(anonymous_24)
FN:283,(anonymous_25)
FN:295,(anonymous_26)
FN:306,(anonymous_27)
FN:327,(anonymous_28)
FN:344,(anonymous_29)
FN:359,(anonymous_30)
FN:378,(anonymous_31)
FN:399,(anonymous_32)
FN:400,(anonymous_33)
FN:413,(anonymous_34)
FNF:35
FNH:5
FNDA:0,(anonymous_0)
FNDA:0,(anonymous_1)
FNDA:0,(anonymous_2)
FNDA:0,(anonymous_3)
FNDA:0,(anonymous_4)
FNDA:0,(anonymous_5)
FNDA:0,(anonymous_6)
FNDA:0,(anonymous_7)
FNDA:0,(anonymous_8)
FNDA:0,(anonymous_9)
FNDA:0,(anonymous_10)
FNDA:0,(anonymous_11)
FNDA:0,(anonymous_12)
FNDA:0,(anonymous_13)
FNDA:0,(anonymous_14)
FNDA:0,(anonymous_15)
FNDA:0,(anonymous_16)
FNDA:0,(anonymous_17)
FNDA:0,(anonymous_18)
FNDA:0,(anonymous_19)
FNDA:0,(anonymous_20)
FNDA:0,(anonymous_21)
FNDA:0,(anonymous_22)
FNDA:0,(anonymous_23)
FNDA:0,(anonymous_24)
FNDA:0,(anonymous_25)
FNDA:0,(anonymous_26)
FNDA:0,(anonymous_27)
FNDA:0,(anonymous_28)
FNDA:0,(anonymous_29)
FNDA:12,(anonymous_30)
FNDA:8,(anonymous_31)
FNDA:4,(anonymous_32)
FNDA:1,(anonymous_33)
FNDA:3,(anonymous_34)
DA:6,2
DA:7,2
DA:10,2
DA:12,2
DA:13,2
DA:73,2
DA:74,2
DA:75,2
DA:76,2
DA:78,2
DA:79,2
DA:80,2
DA:83,2
DA:85,2
DA:89,0
DA:90,0
DA:94,0
DA:95,0
DA:96,0
DA:104,0
DA:105,0
DA:106,0
DA:107,0
DA:112,0
DA:113,0
DA:114,0
DA:119,0
DA:123,0
DA:127,0
DA:131,0
DA:135,0
DA:136,0
DA:137,0
DA:142,0
DA:143,0
DA:144,0
DA:150,0
DA:151,0
DA:157,0
DA:158,0
DA:159,0
DA:163,0
DA:164,0
DA:167,0
DA:168,0
DA:169,0
DA:170,0
DA:171,0
DA:175,0
DA:177,0
DA:183,0
DA:184,0
DA:189,0
DA:190,0
DA:196,0
DA:197,0
DA:198,0
DA:202,0
DA:203,0
DA:206,0
DA:207,0
DA:208,0
DA:209,0
DA:210,0
DA:214,0
DA:216,0
DA:222,0
DA:223,0
DA:229,0
DA:230,0
DA:232,0
DA:234,0
DA:235,0
DA:242,0
DA:243,0
DA:247,0
DA:253,0
DA:254,0
DA:255,0
DA:256,0
DA:260,0
DA:261,0
DA:262,0
DA:265,0
DA:266,0
DA:267,0
DA:271,0
DA:274,0
DA:275,0
DA:278,0
DA:279,0
DA:280,0
DA:283,0
DA:285,0
DA:291,0
DA:292,0
DA:295,0
DA:296,0
DA:297,0
DA:298,0
DA:299,0
DA:300,0
DA:301,0
DA:302,0
DA:307,0
DA:308,0
DA:309,0
DA:310,0
DA:314,0
DA:317,0
DA:319,0
DA:320,0
DA:321,0
DA:322,0
DA:323,0
DA:328,0
DA:329,0
DA:330,0
DA:339,0
DA:345,0
DA:346,0
DA:347,0
DA:355,0
DA:360,12
DA:361,12
DA:362,10
DA:370,0
DA:380,8
DA:381,1
DA:382,1
DA:384,7
DA:385,1
DA:386,1
DA:388,6
DA:389,1
DA:390,1
DA:392,5
DA:393,1
DA:394,1
DA:397,4
DA:399,4
DA:400,4
DA:401,1
DA:402,1
DA:405,4
DA:414,3
DA:415,3
DA:416,2
DA:417,2
DA:419,1
DA:420,1
DA:428,2
LF:152
LH:42
BRDA:12,0,0,2
BRDA:12,0,1,0
BRDA:95,1,0,0
BRDA:95,1,1,0
BRDA:98,2,0,0
BRDA:98,2,1,0
BRDA:131,3,0,0
BRDA:131,3,1,0
BRDA:158,4,0,0
BRDA:158,4,1,0
BRDA:160,5,0,0
BRDA:160,5,1,0
BRDA:161,6,0,0
BRDA:161,6,1,0
BRDA:177,7,0,0
BRDA:177,7,1,0
BRDA:177,8,0,0
BRDA:177,8,1,0
BRDA:177,8,2,0
BRDA:197,9,0,0
BRDA:197,9,1,0
BRDA:199,10,0,0
BRDA:199,10,1,0
BRDA:200,11,0,0
BRDA:200,11,1,0
BRDA:216,12,0,0
BRDA:216,12,1,0
BRDA:216,13,0,0
BRDA:216,13,1,0
BRDA:216,13,2,0
BRDA:229,14,0,0
BRDA:229,14,1,0
BRDA:229,15,0,0
BRDA:229,15,1,0
BRDA:232,16,0,0
BRDA:232,16,1,0
BRDA:255,17,0,0
BRDA:255,17,1,0
BRDA:268,18,0,0
BRDA:268,18,1,0
BRDA:287,19,0,0
BRDA:287,19,1,0
BRDA:287,19,2,0
BRDA:308,20,0,0
BRDA:308,20,1,0
BRDA:308,21,0,0
BRDA:308,21,1,0
BRDA:308,21,2,0
BRDA:329,22,0,0
BRDA:329,22,1,0
BRDA:329,23,0,0
BRDA:329,23,1,0
BRDA:329,23,2,0
BRDA:346,24,0,0
BRDA:346,24,1,0
BRDA:346,25,0,0
BRDA:346,25,1,0
BRDA:346,25,2,0
BRDA:361,26,0,2
BRDA:361,26,1,10
BRDA:361,27,0,12
BRDA:361,27,1,11
BRDA:361,27,2,10
BRDA:380,28,0,1
BRDA:380,28,1,7
BRDA:384,29,0,1
BRDA:384,29,1,6
BRDA:388,30,0,1
BRDA:388,30,1,5
BRDA:392,31,0,1
BRDA:392,31,1,4
BRDA:415,32,0,2
BRDA:415,32,1,1
BRDA:420,33,0,1
BRDA:420,33,1,0
BRF:75
BRH:17
end_of_record
TN:
SF:src\features\history\historyStore.ts
FN:26,addToHistory
FN:37,getRecentHistory
FN:44,clearHistory
FN:51,getHistorySettings
FN:58,setHistorySettings
FNF:5
FNH:5
FNDA:1,addToHistory
FNDA:1,getRecentHistory
FNDA:2,clearHistory
FNDA:1,getHistorySettings
FNDA:1,setHistorySettings
DA:21,7
DA:31,1
DA:38,1
DA:45,2
DA:52,1
DA:59,1
LF:6
LH:6
BRF:0
BRH:0
end_of_record
TN:
SF:src\features\hooks\useRooms.ts
FN:18,useRooms
FN:32,(anonymous_1)
FN:33,(anonymous_2)
FN:39,(anonymous_3)
FN:51,(anonymous_4)
FN:58,(anonymous_5)
FN:59,(anonymous_6)
FN:72,(anonymous_7)
FN:86,(anonymous_8)
FN:91,(anonymous_9)
FN:92,(anonymous_10)
FN:93,(anonymous_11)
FN:102,(anonymous_12)
FN:119,(anonymous_13)
FN:135,(anonymous_14)
FN:144,(anonymous_15)
FN:177,(anonymous_16)
FN:184,(anonymous_17)
FN:189,(anonymous_18)
FNF:19
FNH:10
FNDA:8,useRooms
FNDA:4,(anonymous_1)
FNDA:2,(anonymous_2)
FNDA:0,(anonymous_3)
FNDA:4,(anonymous_4)
FNDA:4,(anonymous_5)
FNDA:0,(anonymous_6)
FNDA:0,(anonymous_7)
FNDA:4,(anonymous_8)
FNDA:4,(anonymous_9)
FNDA:0,(anonymous_10)
FNDA:0,(anonymous_11)
FNDA:1,(anonymous_12)
FNDA:1,(anonymous_13)
FNDA:0,(anonymous_14)
FNDA:0,(anonymous_15)
FNDA:6,(anonymous_16)
FNDA:0,(anonymous_17)
FNDA:0,(anonymous_18)
DA:13,1
DA:16,1
DA:19,8
DA:20,8
DA:21,8
DA:22,8
DA:23,8
DA:26,8
DA:29,8
DA:32,8
DA:33,4
DA:34,2
DA:35,2
DA:36,2
DA:39,4
DA:40,0
DA:41,0
DA:44,4
DA:45,4
DA:47,4
DA:48,0
DA:51,4
DA:52,4
DA:53,4
DA:58,8
DA:59,4
DA:60,0
DA:62,0
DA:69,0
DA:71,0
DA:72,0
DA:75,0
DA:76,0
DA:77,0
DA:78,0
DA:79,0
DA:81,0
DA:86,4
DA:90,8
DA:91,8
DA:92,4
DA:93,0
DA:98,4
DA:102,8
DA:103,1
DA:104,1
DA:105,1
DA:106,1
DA:107,1
DA:108,1
DA:109,1
DA:110,1
DA:115,1
DA:119,8
DA:120,1
DA:121,1
DA:122,1
DA:123,1
DA:124,1
DA:125,1
DA:126,1
DA:127,1
DA:131,1
DA:135,8
DA:136,0
DA:137,0
DA:138,0
DA:139,0
DA:140,0
DA:144,8
DA:145,0
DA:146,0
DA:148,0
DA:149,0
DA:151,0
DA:152,0
DA:153,0
DA:154,0
DA:155,0
DA:156,0
DA:157,0
DA:158,0
DA:159,0
DA:160,0
DA:161,0
DA:166,0
DA:171,8
DA:174,8
DA:177,8
DA:178,6
DA:179,0
DA:184,8
DA:185,0
DA:189,8
DA:190,0
DA:193,8
LF:96
LH:57
BRDA:36,0,0,2
BRDA:36,0,1,0
BRDA:47,1,0,0
BRDA:47,1,1,4
BRDA:60,2,0,0
BRDA:60,2,1,0
BRDA:75,3,0,0
BRDA:75,3,1,0
BRDA:76,4,0,0
BRDA:76,4,1,0
BRDA:146,5,0,0
BRDA:146,5,1,0
BRDA:152,6,0,0
BRDA:152,6,1,0
BRDA:157,7,0,0
BRDA:157,7,1,0
BRDA:171,8,0,0
BRDA:171,8,1,8
BRDA:171,9,0,0
BRDA:171,9,1,0
BRDA:174,10,0,0
BRDA:174,10,1,8
BRDA:178,11,0,0
BRDA:178,11,1,6
BRF:24
BRH:5
end_of_record
TN:
SF:src\features\hooks\useSelection.ts
FN:5,useSelection
FN:14,(anonymous_1)
FN:17,(anonymous_2)
FNF:3
FNH:3
FNDA:9,useSelection
FNDA:4,(anonymous_1)
FNDA:4,(anonymous_2)
DA:6,9
DA:14,9
DA:15,4
DA:16,4
DA:17,4
DA:20,9
LF:6
LH:6
BRDA:17,0,0,4
BRDA:17,0,1,0
BRF:2
BRH:1
end_of_record
TN:
SF:src\features\priority\priorityStore.ts
FN:21,setPriority
FN:32,getPriority
FN:42,getAllPriorities
FN:49,clearPriorities
FN:56,favoriteAll
FN:66,resetAllPriorities
FNF:6
FNH:6
FNDA:3,setPriority
FNDA:2,getPriority
FNDA:2,getAllPriorities
FNDA:2,clearPriorities
FNDA:2,favoriteAll
FNDA:1,resetAllPriorities
DA:16,12
DA:26,3
DA:36,2
DA:43,2
DA:50,2
DA:60,2
DA:67,1
LF:7
LH:7
BRF:0
BRH:0
end_of_record
TN:
SF:src\features\utils\colorCache.ts
FN:17,(anonymous_0)
FN:21,(anonymous_1)
FN:25,(anonymous_2)
FN:36,(anonymous_3)
FN:43,(anonymous_4)
FN:48,(anonymous_5)
FN:52,(anonymous_6)
FN:54,(anonymous_7)
FN:58,(anonymous_8)
FN:72,(anonymous_9)
FN:82,(anonymous_10)
FN:91,(anonymous_11)
FNF:12
FNH:12
FNDA:9,(anonymous_0)
FNDA:1035,(anonymous_1)
FNDA:9,(anonymous_2)
FNDA:1024,(anonymous_3)
FNDA:2,(anonymous_4)
FNDA:1024,(anonymous_5)
FNDA:12454,(anonymous_6)
FNDA:20,(anonymous_7)
FNDA:9,(anonymous_8)
FNDA:1024,(anonymous_9)
FNDA:1,(anonymous_10)
FNDA:4,(anonymous_11)
DA:4,9
DA:5,9
DA:18,9
DA:22,1035
DA:26,9
DA:27,9
DA:28,9
DA:30,5
DA:31,5
DA:33,4
DA:37,1024
DA:38,1024
DA:39,1024
DA:40,1024
DA:44,2
DA:45,2
DA:49,1024
DA:51,20
DA:52,12454
DA:53,20
DA:54,20
DA:59,9
DA:60,9
DA:61,9
DA:62,2
DA:63,2
DA:67,1
DA:69,8
DA:73,1024
DA:74,1024
DA:75,1024
DA:78,0
DA:83,1
DA:84,1
DA:85,1
DA:92,4
DA:96,9
LF:37
LH:36
BRDA:28,0,0,5
BRDA:28,0,1,4
BRDA:49,1,0,20
BRDA:49,1,1,1004
BRDA:61,2,0,2
BRDA:61,2,1,7
BRF:6
BRH:6
end_of_record
TN:
SF:src\features\utils\errorMessages.ts
FNF:0
FNH:0
DA:1,2
LF:1
LH:1
BRF:0
BRH:0
end_of_record
TN:
SF:src\test\mocks\lcu.ts
FNF:0
FNH:0
DA:3,10
LF:1
LH:1
BRF:0
BRH:0
end_of_record
